# JRE version: Java(TM) SE Runtime Environment (8.0_231-b11) (build 1.8.0_231-b11)
# Java VM: Java HotSpot(TM) 64-Bit Server VM (25.231-b11 mixed mode windows-amd64 compressed oops)
Heap:
 PSYoungGen      total 75776K, used 32985K [0x00000000d5580000, 0x00000000de980000, 0x0000000100000000)
  eden space 65024K, 34% used [0x00000000d5580000,0x00000000d6b85350,0x00000000d9500000)
  from space 10752K, 97% used [0x00000000d9500000,0x00000000d9f31190,0x00000000d9f80000)
  to   space 10752K, 0% used [0x00000000ddf00000,0x00000000ddf00000,0x00000000de980000)
 ParOldGen       total 173568K, used 51K [0x0000000080000000, 0x000000008a980000, 0x00000000d5580000)
  object space 173568K, 0% used [0x0000000080000000,0x000000008000cc30,0x000000008a980000)
 Metaspace       used 19508K, capacity 20212K, committed 20480K, reserved 1067008K
  class space    used 2852K, capacity 3060K, committed 3072K, reserved 1048576K
GC Heap History (6 events):
Event: 0.656 GC heap before
{Heap before GC invocations=1 (full 0):
 PSYoungGen      total 75776K, used 65024K [0x00000000d5580000, 0x00000000daa00000, 0x0000000100000000)
  eden space 65024K, 100% used [0x00000000d5580000,0x00000000d9500000,0x00000000d9500000)
  from space 10752K, 0% used [0x00000000d9f80000,0x00000000d9f80000,0x00000000daa00000)
  to   space 10752K, 0% used [0x00000000d9500000,0x00000000d9500000,0x00000000d9f80000)
 ParOldGen       total 173568K, used 0K [0x0000000080000000, 0x000000008a980000, 0x00000000d5580000)
  object space 173568K, 0% used [0x0000000080000000,0x0000000080000000,0x000000008a980000)
 Metaspace       used 7805K, capacity 8102K, committed 8320K, reserved 1056768K
  class space    used 984K, capacity 1086K, committed 1152K, reserved 1048576K
Event: 0.662 GC heap after
Heap after GC invocations=1 (full 0):
 PSYoungGen      total 75776K, used 6533K [0x00000000d5580000, 0x00000000daa00000, 0x0000000100000000)
  eden space 65024K, 0% used [0x00000000d5580000,0x00000000d5580000,0x00000000d9500000)
  from space 10752K, 60% used [0x00000000d9500000,0x00000000d9b61670,0x00000000d9f80000)
  to   space 10752K, 0% used [0x00000000d9f80000,0x00000000d9f80000,0x00000000daa00000)
 ParOldGen       total 173568K, used 35K [0x0000000080000000, 0x000000008a980000, 0x00000000d5580000)
  object space 173568K, 0% used [0x0000000080000000,0x0000000080008c30,0x000000008a980000)
 Metaspace       used 7805K, capacity 8102K, committed 8320K, reserved 1056768K
  class space    used 984K, capacity 1086K, committed 1152K, reserved 1048576K
}
Event: 1.143 GC heap before
{Heap before GC invocations=2 (full 0):
 PSYoungGen      total 75776K, used 71557K [0x00000000d5580000, 0x00000000daa00000, 0x0000000100000000)
  eden space 65024K, 100% used [0x00000000d5580000,0x00000000d9500000,0x00000000d9500000)
  from space 10752K, 60% used [0x00000000d9500000,0x00000000d9b61670,0x00000000d9f80000)
  to   space 10752K, 0% used [0x00000000d9f80000,0x00000000d9f80000,0x00000000daa00000)
 ParOldGen       total 173568K, used 35K [0x0000000080000000, 0x000000008a980000, 0x00000000d5580000)
  object space 173568K, 0% used [0x0000000080000000,0x0000000080008c30,0x000000008a980000)
 Metaspace       used 13815K, capacity 14372K, committed 14720K, reserved 1062912K
  class space    used 1918K, capacity 2070K, committed 2176K, reserved 1048576K
Event: 1.155 GC heap after
Heap after GC invocations=2 (full 0):
 PSYoungGen      total 75776K, used 8890K [0x00000000d5580000, 0x00000000de980000, 0x0000000100000000)
  eden space 65024K, 0% used [0x00000000d5580000,0x00000000d5580000,0x00000000d9500000)
  from space 10752K, 82% used [0x00000000d9f80000,0x00000000da82eb98,0x00000000daa00000)
  to   space 10752K, 0% used [0x00000000d9500000,0x00000000d9500000,0x00000000d9f80000)
 ParOldGen       total 173568K, used 43K [0x0000000080000000, 0x000000008a980000, 0x00000000d5580000)
  object space 173568K, 0% used [0x0000000080000000,0x000000008000ac30,0x000000008a980000)
 Metaspace       used 13815K, capacity 14372K, committed 14720K, reserved 1062912K
  class space    used 1918K, capacity 2070K, committed 2176K, reserved 1048576K
}
Event: 2.019 GC heap before
{Heap before GC invocations=3 (full 0):
 PSYoungGen      total 75776K, used 73914K [0x00000000d5580000, 0x00000000de980000, 0x0000000100000000)
  eden space 65024K, 100% used [0x00000000d5580000,0x00000000d9500000,0x00000000d9500000)
  from space 10752K, 82% used [0x00000000d9f80000,0x00000000da82eb98,0x00000000daa00000)
  to   space 10752K, 0% used [0x00000000d9500000,0x00000000d9500000,0x00000000d9f80000)
 ParOldGen       total 173568K, used 43K [0x0000000080000000, 0x000000008a980000, 0x00000000d5580000)
  object space 173568K, 0% used [0x0000000080000000,0x000000008000ac30,0x000000008a980000)
 Metaspace       used 18197K, capacity 18908K, committed 19072K, reserved 1064960K
  class space    used 2628K, capacity 2846K, committed 2944K, reserved 1048576K
Event: 2.037 GC heap after
Heap after GC invocations=3 (full 0):
 PSYoungGen      total 75776K, used 10436K [0x00000000d5580000, 0x00000000de980000, 0x0000000100000000)
  eden space 65024K, 0% used [0x00000000d5580000,0x00000000d5580000,0x00000000d9500000)
  from space 10752K, 97% used [0x00000000d9500000,0x00000000d9f31190,0x00000000d9f80000)
  to   space 10752K, 0% used [0x00000000ddf00000,0x00000000ddf00000,0x00000000de980000)
 ParOldGen       total 173568K, used 51K [0x0000000080000000, 0x000000008a980000, 0x00000000d5580000)
  object space 173568K, 0% used [0x0000000080000000,0x000000008000cc30,0x000000008a980000)
 Metaspace       used 18197K, capacity 18908K, committed 19072K, reserved 1064960K
  class space    used 2628K, capacity 2846K, committed 2944K, reserved 1048576K
}

